<?xml version="1.0" encoding="UTF-8"?>
<testng-results skipped="0" failed="0" ignored="0" total="2" passed="2">
  <reporter-output>
  </reporter-output>
  <suite name="Regression Suite" duration-ms="120" started-at="2019-04-18T18:24:05Z" finished-at="2019-04-18T18:24:05Z">
    <groups>
    </groups>
    <test name="TestParametersFromXML Test" duration-ms="63" started-at="2019-04-18T18:24:05Z" finished-at="2019-04-18T18:24:05Z">
      <class name="parameterization.TestParametersFromXML">
        <test-method status="PASS" signature="getBrowser(java.lang.String)[pri:0, instance:parameterization.TestParametersFromXML@31ef45e3]" name="getBrowser" duration-ms="15" started-at="2019-04-18T18:24:05Z" finished-at="2019-04-18T18:24:05Z">
          <params>
            <param index="0">
              <value>
                <![CDATA[firefox]]>
              </value>
            </param>
          </params>
          <reporter-output>
          </reporter-output>
        </test-method> <!-- getBrowser -->
      </class> <!-- parameterization.TestParametersFromXML -->
    </test> <!-- TestParametersFromXML Test -->
    <test name="TestParametersFromXML2 Test" duration-ms="16" started-at="2019-04-18T18:24:05Z" finished-at="2019-04-18T18:24:05Z">
      <class name="parameterization.TestParametersFromXML">
        <test-method status="PASS" signature="getBrowser(java.lang.String)[pri:0, instance:parameterization.TestParametersFromXML@4b952a2d]" name="getBrowser" duration-ms="0" started-at="2019-04-18T18:24:05Z" finished-at="2019-04-18T18:24:05Z">
          <params>
            <param index="0">
              <value>
                <![CDATA[chrome]]>
              </value>
            </param>
          </params>
          <reporter-output>
          </reporter-output>
        </test-method> <!-- getBrowser -->
      </class> <!-- parameterization.TestParametersFromXML -->
    </test> <!-- TestParametersFromXML2 Test -->
  </suite> <!-- Regression Suite -->
</testng-results>
