<?xml version="1.0" encoding="UTF-8"?>
<!-- Generated by org.testng.reporters.JUnitXMLReporter -->
<testsuite ignored="0" hostname="DESKTOP-8343GOC" failures="0" tests="3" name="Default test" time="0.061" errors="0" timestamp="15 Apr 2019 12:43:31 GMT">
  <testcase classname="parameterization.TestParameterization" name="doLogin" time="0.015"/>
  <testcase classname="parameterization.TestParameterization" name="doLogin" time="0.0"/>
  <testcase classname="parameterization.TestParameterization" name="doLogin" time="0.0"/>
</testsuite> <!-- Default test -->
