<?xml version="1.0" encoding="UTF-8"?>
<!-- Generated by org.testng.reporters.JUnitXMLReporter -->
<testsuite ignored="0" hostname="DESKTOP-8343GOC" failures="1" tests="1" name="Regression validate title Test" time="0.016" errors="0" timestamp="11 Apr 2019 12:58:37 GMT">
  <testcase classname="Regression.TestCase2" name="validateTitles" time="0.0">
    <failure type="java.lang.AssertionError" message="The following asserts failed:
	expected [Yahoo.com] but found [Gmail.com],
	image not present expected [false] but found [true],
	this is going to be failed test case,
	Text box not present expected [false] but found [true]">
      <![CDATA[java.lang.AssertionError: The following asserts failed:
expected [Yahoo.com] but found [Gmail.com],
image not present expected [false] but found [true],
this is going to be failed test case,
Text box not present expected [false] but found [true]
at Regression.TestCase2.validateTitles(TestCase2.java:37)
... Removed 27 stack frames]]>
    </failure>
  </testcase> <!-- validateTitles -->
</testsuite> <!-- Regression validate title Test -->
