<?xml version="1.0" encoding="UTF-8"?>
<!-- Generated by org.testng.reporters.JUnitXMLReporter -->
<testsuite hostname="DESKTOP-68LHO35" ignored="0" name="Dependency Test" tests="4" failures="1" timestamp="12 Apr 2019 17:46:38 GMT" time="0.031" errors="0">
  <testcase name="doUserReg" time="0.0" classname="TestNGLearning.TestCase3">
    <failure type="java.lang.AssertionError" message="User not registered">
      <![CDATA[java.lang.AssertionError: User not registered
at TestNGLearning.TestCase3.doUserReg(TestCase3.java:12)
... Removed 26 stack frames]]>
    </failure>
  </testcase> <!-- doUserReg -->
  <testcase name="doLogin" time="0.0" classname="TestNGLearning.TestCase3">
    <skipped/>
  </testcase> <!-- doLogin -->
  <testcase name="ThirdTest" time="0.0" classname="TestNGLearning.TestCase3"/>
  <testcase name="FourthTest" time="0.0" classname="TestNGLearning.TestCase3"/>
</testsuite> <!-- Dependency Test -->
