<?xml version="1.0" encoding="UTF-8"?>
<!-- Generated by org.testng.reporters.JUnitXMLReporter -->
<testsuite ignored="0" hostname="DESKTOP-8343GOC" failures="1" tests="4" name="Dependency Test" time="0.084" errors="0" timestamp="12 Apr 2019 12:34:05 GMT">
  <testcase classname="TestNGLearning.TestCase3" name="doUserReg" time="0.004">
    <failure type="java.lang.AssertionError" message="User not registered">
      <![CDATA[java.lang.AssertionError: User not registered
at TestNGLearning.TestCase3.doUserReg(TestCase3.java:12)
... Removed 26 stack frames]]>
    </failure>
  </testcase> <!-- doUserReg -->
  <testcase classname="TestNGLearning.TestCase3" name="doLogin" time="0.0">
    <skipped/>
  </testcase> <!-- doLogin -->
  <testcase classname="TestNGLearning.TestCase3" name="ThirdTest" time="0.01"/>
  <testcase classname="TestNGLearning.TestCase3" name="FourthTest" time="0.017"/>
</testsuite> <!-- Dependency Test -->
