<?xml version="1.0" encoding="UTF-8"?>
<!-- Generated by org.testng.reporters.JUnitXMLReporter -->
<testsuite ignored="0" hostname="DESKTOP-8343GOC" failures="1" tests="1" name="Failure Test" time="0.031" errors="0" timestamp="20 Apr 2019 12:04:10 GMT">
  <testcase classname="TestNGLearning.TestFailure" name="doLogin" time="0.016">
    <failure type="java.lang.AssertionError" message="Failing the login test">
      <![CDATA[java.lang.AssertionError: Failing the login test
at TestNGLearning.TestFailure.doLogin(TestFailure.java:11)
... Removed 26 stack frames]]>
    </failure>
  </testcase> <!-- doLogin -->
</testsuite> <!-- Failure Test -->
