<?xml version="1.0" encoding="UTF-8"?>
<!-- Generated by org.testng.reporters.JUnitXMLReporter -->
<testsuite hostname="DESKTOP-68LHO35" ignored="0" name="Failure Test" tests="1" failures="1" timestamp="12 Apr 2019 17:46:38 GMT" time="0.0" errors="0">
  <testcase name="doLogin" time="0.0" classname="TestNGLearning.TestFailure">
    <failure type="java.lang.AssertionError" message="Failing the login test">
      <![CDATA[java.lang.AssertionError: Failing the login test
at TestNGLearning.TestFailure.doLogin(TestFailure.java:11)
... Removed 26 stack frames]]>
    </failure>
  </testcase> <!-- doLogin -->
</testsuite> <!-- Failure Test -->
