<?xml version="1.0" encoding="UTF-8"?>
<!-- Generated by org.testng.reporters.JUnitXMLReporter -->
<testsuite ignored="2" hostname="DESKTOP-8343GOC" failures="0" tests="0" time="0.0" errors="0" timestamp="11 Apr 2019 13:15:01 GMT">
  <testcase classname="TestNGLearning.TestCases1" name="doUserReg" time="0.0">
    <ignored/>
  </testcase> <!-- doUserReg -->
  <testcase classname="TestNGLearning.TestCases1" name="doLogin" time="0.0">
    <ignored/>
  </testcase> <!-- doLogin -->
</testsuite>
