<?xml version="1.0" encoding="UTF-8"?>
<!-- Generated by org.testng.reporters.JUnitXMLReporter -->
<testsuite ignored="0" hostname="DESKTOP-8343GOC" failures="1" tests="1" name="Validate Title Test" time="0.031" errors="0" timestamp="20 Apr 2019 12:04:10 GMT">
  <testcase classname="TestNGLearning.TestCase2" name="validateTitles" time="0.016">
    <failure type="java.lang.AssertionError" message="The following asserts failed:
	expected [Yahoo.com] but found [Gmail.com],
	image not present expected [false] but found [true],
	this is going to be failed test case,
	Text box not present expected [false] but found [true]">
      <![CDATA[java.lang.AssertionError: The following asserts failed:
expected [Yahoo.com] but found [Gmail.com],
image not present expected [false] but found [true],
this is going to be failed test case,
Text box not present expected [false] but found [true]
at TestNGLearning.TestCase2.validateTitles(TestCase2.java:37)
... Removed 26 stack frames]]>
    </failure>
  </testcase> <!-- validateTitles -->
</testsuite> <!-- Validate Title Test -->
