# JRE version: Java(TM) SE Runtime Environment (9.0+11) (build 9.0.4+11)
# Java VM: Java HotSpot(TM) 64-Bit Server VM (9.0.4+11, mixed mode, tiered, compressed oops, g1 gc, windows-amd64)
Heap:
 garbage-first heap   total 65536K, used 16768K [0x00000000c0000000, 0x00000000c0100200, 0x0000000100000000)
  region size 1024K, 7 young (7168K), 3 survivors (3072K)
 Metaspace       used 21429K, capacity 21944K, committed 22140K, reserved 1069056K
  class space    used 2280K, capacity 2428K, committed 2428K, reserved 1048576K
GC Heap History (8 events):
Event: 1.556 GC heap before
{Heap before GC invocations=0 (full 0):
 garbage-first heap   total 65536K, used 15360K [0x00000000c0000000, 0x00000000c0100200, 0x0000000100000000)
  region size 1024K, 14 young (14336K), 0 survivors (0K)
 Metaspace       used 11477K, capacity 11810K, committed 12032K, reserved 1060864K
  class space    used 1135K, capacity 1205K, committed 1280K, reserved 1048576K
}
Event: 1.575 GC heap after
{Heap after GC invocations=1 (full 0):
 garbage-first heap   total 65536K, used 7307K [0x00000000c0000000, 0x00000000c0100200, 0x0000000100000000)
  region size 1024K, 2 young (2048K), 2 survivors (2048K)
 Metaspace       used 11477K, capacity 11810K, committed 12032K, reserved 1060864K
  class space    used 1135K, capacity 1205K, committed 1280K, reserved 1048576K
}
Event: 1.851 GC heap before
{Heap before GC invocations=1 (full 0):
 garbage-first heap   total 65536K, used 13451K [0x00000000c0000000, 0x00000000c0100200, 0x0000000100000000)
  region size 1024K, 8 young (8192K), 2 survivors (2048K)
 Metaspace       used 13461K, capacity 13818K, committed 13952K, reserved 1062912K
  class space    used 1325K, capacity 1402K, committed 1408K, reserved 1048576K
}
Event: 1.867 GC heap after
{Heap after GC invocations=2 (full 0):
 garbage-first heap   total 65536K, used 8804K [0x00000000c0000000, 0x00000000c0100200, 0x0000000100000000)
  region size 1024K, 1 young (1024K), 1 survivors (1024K)
 Metaspace       used 13461K, capacity 13818K, committed 13952K, reserved 1062912K
  class space    used 1325K, capacity 1402K, committed 1408K, reserved 1048576K
}
Event: 2.488 GC heap before
{Heap before GC invocations=2 (full 0):
 garbage-first heap   total 65536K, used 26212K [0x00000000c0000000, 0x00000000c0100200, 0x0000000100000000)
  region size 1024K, 18 young (18432K), 1 survivors (1024K)
 Metaspace       used 18016K, capacity 18494K, committed 18560K, reserved 1067008K
  class space    used 1810K, capacity 1905K, committed 1920K, reserved 1048576K
}
Event: 2.504 GC heap after
{Heap after GC invocations=3 (full 0):
 garbage-first heap   total 65536K, used 12815K [0x00000000c0000000, 0x00000000c0100200, 0x0000000100000000)
  region size 1024K, 3 young (3072K), 3 survivors (3072K)
 Metaspace       used 18016K, capacity 18494K, committed 18560K, reserved 1067008K
  class space    used 1810K, capacity 1905K, committed 1920K, reserved 1048576K
}
Event: 2.959 GC heap before
{Heap before GC invocations=3 (full 0):
 garbage-first heap   total 65536K, used 22031K [0x00000000c0000000, 0x00000000c0100200, 0x0000000100000000)
  region size 1024K, 13 young (13312K), 3 survivors (3072K)
 Metaspace       used 20724K, capacity 21224K, committed 21296K, reserved 1069056K
  class space    used 2191K, capacity 2324K, committed 2352K, reserved 1048576K
}
Event: 2.980 GC heap after
{Heap after GC invocations=4 (full 0):
 garbage-first heap   total 65536K, used 14720K [0x00000000c0000000, 0x00000000c0100200, 0x0000000100000000)
  region size 1024K, 3 young (3072K), 3 survivors (3072K)
 Metaspace       used 20724K, capacity 21224K, committed 21296K, reserved 1069056K
  class space    used 2191K, capacity 2324K, committed 2352K, reserved 1048576K
}

